<?xml version="1.0" encoding="UTF-8"?>
<testsuite xmlns:xsi="http://www.w3.org/2001/XMLSchema-instance" xsi:noNamespaceSchemaLocation="https://maven.apache.org/surefire/maven-surefire-plugin/xsd/surefire-test-report-3.0.xsd" version="3.0" name="com.stocks.service.StockServiceImplTest" time="0.142" tests="4" errors="0" skipped="0" failures="0">
  <properties>
[...]
</properties>
  <testcase name="addStock_uniqueSymbol_savesAndReturns" classname="com.stocks.service.StockServiceImplTest" time="0.125"/>
  <testcase name="getAllStocks_delegatesToRepository" classname="com.stocks.service.StockServiceImplTest" time="0.008"/>
  <testcase name="getStockById_notFound_returnsEmpty" classname="com.stocks.service.StockServiceImplTest" time="0.003"/>
  <testcase name="addStock_duplicateSymbol_throwsIllegalArgument" classname="com.stocks.service.StockServiceImplTest" time="0.003"/>
</testsuite>